0 info it worked if it ends with ok
1 verbose cli [ '/homes/iws/xkxx/.linuxbrew/Cellar/node/6.5.0/bin/node',
1 verbose cli   '/homes/iws/xkxx/.linuxbrew/bin/npm',
1 verbose cli   'run',
1 verbose cli   'build' ]
2 info using npm@3.10.3
3 info using node@v6.5.0
4 verbose stack Error: ENOENT: no such file or directory, open '/homes/iws/xkxx/workspace/dubhacks-2016/server/package.json'
4 verbose stack     at Error (native)
5 verbose cwd /homes/iws/xkxx/workspace/dubhacks-2016/server
6 error Linux 4.4.19-1.el7.elrepo.x86_64
7 error argv "/homes/iws/xkxx/.linuxbrew/Cellar/node/6.5.0/bin/node" "/homes/iws/xkxx/.linuxbrew/bin/npm" "run" "build"
8 error node v6.5.0
9 error npm  v3.10.3
10 error path /homes/iws/xkxx/workspace/dubhacks-2016/server/package.json
11 error code ENOENT
12 error errno -2
13 error syscall open
14 error enoent ENOENT: no such file or directory, open '/homes/iws/xkxx/workspace/dubhacks-2016/server/package.json'
15 error enoent ENOENT: no such file or directory, open '/homes/iws/xkxx/workspace/dubhacks-2016/server/package.json'
15 error enoent This is most likely not a problem with npm itself
15 error enoent and is related to npm not being able to find a file.
16 verbose exit [ -2, true ]
